<?xml version="1.0" encoding="UTF-8"?>
<!-- Generated by org.testng.reporters.JUnitXMLReporter -->
<testsuite ignored="0" hostname="DESKTOP-6BO37H3" failures="0" tests="5" name="Surefire test" time="0.213" errors="0" timestamp="2024-05-19T17:06:01 CLT">
  <testcase classname="com.platinum.CtaCorriente.AppTest" name="testApp on testApp(com.platinum.CtaCorriente.AppTest)" time="0.003"/>
  <testcase classname="com.platinum.CtaCorriente.ConectorDBTest" name="testConnectionNotNull on testConnectionNotNull(com.platinum.CtaCorriente.ConectorDBTest)" time="0.112"/>
  <testcase classname="com.platinum.CtaCorriente.ConectorDBTest" name="testMultipleConnections on testMultipleConnections(com.platinum.CtaCorriente.ConectorDBTest)" time="0.114"/>
  <testcase classname="com.platinum.CtaCorriente.UsuarioTest" name="testLoginCorrecto on testLoginCorrecto(com.platinum.CtaCorriente.UsuarioTest)" time="0.015"/>
  <testcase classname="com.platinum.CtaCorriente.UsuarioTest" name="testLoginIncorrecto on testLoginIncorrecto(com.platinum.CtaCorriente.UsuarioTest)" time="0.014"/>
</testsuite> <!-- Surefire test -->
