<?xml version="1.0" encoding="UTF-8"?>
<!-- Generated by org.testng.reporters.JUnitXMLReporter -->
<testsuite ignored="0" hostname="DESKTOP-6BO37H3" failures="0" tests="5" name="Test" time="0.186" errors="0" timestamp="2024-05-19T19:11:51 CLT">
  <testcase classname="com.platinum.CtaCorriente.AppTest" name="testApp" time="0.003"/>
  <testcase classname="com.platinum.CtaCorriente.UsuarioTest" name="testLoginCorrecto" time="0.154"/>
  <testcase classname="com.platinum.CtaCorriente.UsuarioTest" name="testLoginIncorrecto" time="0.001"/>
  <testcase classname="com.platinum.CtaCorriente.ConectorDBTest" name="testConnectionNotNull" time="0.0"/>
  <testcase classname="com.platinum.CtaCorriente.ConectorDBTest" name="testMultipleConnections" time="0.002"/>
</testsuite> <!-- Test -->
