<?xml version="1.0" encoding="UTF-8"?>
<testng-results ignored="0" total="5" passed="5" failed="0" skipped="0">
  <reporter-output>
  </reporter-output>
  <suite started-at="2024-05-19T19:11:51 CLT" name="Suite" finished-at="2024-05-19T19:11:51 CLT" duration-ms="186">
    <groups>
    </groups>
    <test started-at="2024-05-19T19:11:51 CLT" name="Test" finished-at="2024-05-19T19:11:51 CLT" duration-ms="186">
      <class name="com.platinum.CtaCorriente.AppTest">
        <test-method signature="testApp()[pri:0, instance:com.platinum.CtaCorriente.AppTest@1b1473ab]" started-at="2024-05-19T19:11:51 CLT" name="testApp" finished-at="2024-05-19T19:11:51 CLT" duration-ms="3" status="PASS">
          <reporter-output>
          </reporter-output>
        </test-method> <!-- testApp -->
      </class> <!-- com.platinum.CtaCorriente.AppTest -->
      <class name="com.platinum.CtaCorriente.UsuarioTest">
        <test-method signature="testLoginCorrecto()[pri:0, instance:com.platinum.CtaCorriente.UsuarioTest@78b66d36]" started-at="2024-05-19T19:11:51 CLT" name="testLoginCorrecto" finished-at="2024-05-19T19:11:51 CLT" duration-ms="154" status="PASS">
          <reporter-output>
          </reporter-output>
        </test-method> <!-- testLoginCorrecto -->
        <test-method signature="testLoginIncorrecto()[pri:0, instance:com.platinum.CtaCorriente.UsuarioTest@78b66d36]" started-at="2024-05-19T19:11:51 CLT" name="testLoginIncorrecto" finished-at="2024-05-19T19:11:51 CLT" duration-ms="1" status="PASS">
          <reporter-output>
          </reporter-output>
        </test-method> <!-- testLoginIncorrecto -->
      </class> <!-- com.platinum.CtaCorriente.UsuarioTest -->
      <class name="com.platinum.CtaCorriente.ConectorDBTest">
        <test-method signature="testConnectionNotNull()[pri:0, instance:com.platinum.CtaCorriente.ConectorDBTest@5223e5ee]" started-at="2024-05-19T19:11:51 CLT" name="testConnectionNotNull" finished-at="2024-05-19T19:11:51 CLT" duration-ms="0" status="PASS">
          <reporter-output>
          </reporter-output>
        </test-method> <!-- testConnectionNotNull -->
        <test-method signature="testMultipleConnections()[pri:0, instance:com.platinum.CtaCorriente.ConectorDBTest@5223e5ee]" started-at="2024-05-19T19:11:51 CLT" name="testMultipleConnections" finished-at="2024-05-19T19:11:51 CLT" duration-ms="2" status="PASS">
          <reporter-output>
          </reporter-output>
        </test-method> <!-- testMultipleConnections -->
      </class> <!-- com.platinum.CtaCorriente.ConectorDBTest -->
    </test> <!-- Test -->
  </suite> <!-- Suite -->
</testng-results>
