<?xml version="1.0" encoding="UTF-8"?>
<testsuite xmlns:xsi="http://www.w3.org/2001/XMLSchema-instance" xsi:noNamespaceSchemaLocation="https://maven.apache.org/surefire/maven-surefire-plugin/xsd/surefire-test-report.xsd" name="TestSuite" time="0.645" tests="5" errors="0" skipped="0" failures="0">
  <properties>
[...]
</properties>
  <testcase name="testApp on testApp(com.platinum.CtaCorriente.AppTest)" classname="com.platinum.CtaCorriente.AppTest" time="0.001"/>
  <testcase name="testConnectionNotNull on testConnectionNotNull(com.platinum.CtaCorriente.ConectorDBTest)" classname="com.platinum.CtaCorriente.ConectorDBTest" time="0.112"/>
  <testcase name="testMultipleConnections on testMultipleConnections(com.platinum.CtaCorriente.ConectorDBTest)" classname="com.platinum.CtaCorriente.ConectorDBTest" time="0.002"/>
  <testcase name="testLoginCorrecto on testLoginCorrecto(com.platinum.CtaCorriente.UsuarioTest)" classname="com.platinum.CtaCorriente.UsuarioTest" time="0.014"/>
  <testcase name="testLoginIncorrecto on testLoginIncorrecto(com.platinum.CtaCorriente.UsuarioTest)" classname="com.platinum.CtaCorriente.UsuarioTest" time="0"/>
</testsuite>