<?xml version="1.0" encoding="UTF-8"?>
<testsuite xmlns:xsi="http://www.w3.org/2001/XMLSchema-instance" xsi:schemaLocation="https://maven.apache.org/surefire/maven-surefire-plugin/xsd/surefire-test-report.xsd" name="TestSuite" time="0.538" tests="5" errors="0" skipped="0" failures="0">
  <properties>
[...]
</properties>
  <testcase name="testApp" classname="com.platinum.CtaCorriente.AppTest" time="0.003"/>
  <testcase name="testLoginCorrecto" classname="com.platinum.CtaCorriente.UsuarioTest" time="0.148"/>
  <testcase name="testLoginIncorrecto" classname="com.platinum.CtaCorriente.UsuarioTest" time="0.001"/>
  <testcase name="testConnectionNotNull" classname="com.platinum.CtaCorriente.ConectorDBTest" time="0"/>
  <testcase name="testMultipleConnections" classname="com.platinum.CtaCorriente.ConectorDBTest" time="0.003"/>
</testsuite>